<?xml version="1.0" encoding="UTF-8"?>
<!-- Generated by org.testng.reporters.JUnitReportReporter -->
<testsuite skipped="0" hostname="Pranita-PC" name="automation.ui.SubmitOrderTest" tests="1" failures="0" timestamp="23 Feb 2023 16:06:57 GMT" time="25.191" errors="0">
  <testcase name="endToEndBasicTest" time="25.191" classname="automation.ui.SubmitOrderTest"/>
</testsuite> <!-- automation.ui.SubmitOrderTest -->
